<?xml version="1.0" encoding="UTF-8"?>
<testsuite name="ru.nsu.pisarev.SampleTest" tests="7" skipped="0" failures="0" errors="0" timestamp="2025-09-08T01:54:14" hostname="ASUS_VIVOBOOK_A" time="0.782">
  <properties/>
  <testcase name="checkCloneArr()" classname="ru.nsu.pisarev.SampleTest" time="0.346"/>
  <testcase name="checkEvenLengthArr()" classname="ru.nsu.pisarev.SampleTest" time="0.002"/>
  <testcase name="checkChessArr()" classname="ru.nsu.pisarev.SampleTest" time="0.002"/>
  <testcase name="doINeedToCheckDefaultConstructor()" classname="ru.nsu.pisarev.SampleTest" time="0.003"/>
  <testcase name="checkReverseArr()" classname="ru.nsu.pisarev.SampleTest" time="0.003"/>
  <testcase name="checkLargeArr()" classname="ru.nsu.pisarev.SampleTest" time="0.409"/>
  <testcase name="checkSortedArr()" classname="ru.nsu.pisarev.SampleTest" time="0.001"/>
  <system-out><![CDATA[]]></system-out>
  <system-err><![CDATA[]]></system-err>
</testsuite>
